<?xml version="1.0" encoding="UTF-8"?>
<!-- Generated by org.testng.reporters.JUnitXMLReporter -->
<testsuite ignored="0" hostname="DESKTOP-POD63J8" failures="1" tests="1" name="KeywordDrivenTest" time="19.734" errors="0" timestamp="2021-02-18T16:50:29 IST">
  <testcase classname="com.Test.TestController" name="TestCaseController" time="15.794">
    <failure type="java.lang.RuntimeException" message="Unexpected result for screenshot command: null">
      <![CDATA[java.lang.RuntimeException: Unexpected result for screenshot command: null
at org.openqa.selenium.remote.RemoteWebDriver.getScreenshotAs(RemoteWebDriver.java:304)
at com.Utils.GetScreenShot.capture(GetScreenShot.java:16)
at com.Test.TestController.TestCaseController(TestController.java:198)
at java.base/java.util.ArrayList.forEach(ArrayList.java:1540)
... Removed 27 stack frames]]>
    </failure>
  </testcase> <!-- TestCaseController -->
</testsuite> <!-- KeywordDrivenTest -->
